[2015-04-19 19:35:58][debug] begin notify
[2015-04-19 19:36:35][debug] begin notify
[2015-04-19 19:52:12][debug] begin notify
[2015-04-19 19:52:27][debug] begin notify
[2015-04-19 19:52:45][debug] begin notify
[2015-04-19 19:53:18][debug] begin notify
[2015-04-19 19:54:12][debug] begin notify
[2015-04-19 19:54:54][debug] begin notify
[2015-04-19 19:56:21][debug] begin notify
[2015-04-19 19:58:01][debug] begin notify
[2015-04-19 19:58:03][debug] begin notify
[2015-04-19 19:58:04][debug] begin notify
[2015-04-19 19:58:04][debug] begin notify
[2015-04-19 19:58:04][debug] begin notify
[2015-04-19 19:58:45][debug] begin notify
[2015-04-19 19:59:18][debug] begin notify
[2015-04-19 19:59:31][debug] begin notify
[2015-04-19 19:59:48][debug] begin notify
[2015-04-19 20:00:21][debug] begin notify
[2015-04-19 20:00:34][debug] begin notify
[2015-04-19 20:00:37][debug] begin notify
[2015-04-19 20:01:08][debug] begin notify
[2015-04-19 20:01:23][debug] begin notify
[2015-04-19 20:01:40][debug] begin notify
[2015-04-19 20:02:13][debug] begin notify
[2015-04-19 20:02:56][debug] begin notify
[2015-04-19 20:02:59][debug] begin notify
[2015-04-19 20:02:59][debug] begin notify
[2015-04-19 20:03:02][debug] begin notify
[2015-04-19 20:03:02][debug] begin notify
[2015-04-19 20:03:24][debug] begin notify
[2015-04-19 20:05:15][debug] begin notify
[2015-04-19 20:06:22][debug] begin notify
[2015-04-19 20:06:24][debug] begin notify
[2015-04-19 20:06:36][debug] begin notify
[2015-04-19 20:06:43][debug] begin notify
[2015-04-19 20:06:58][debug] begin notify
[2015-04-19 20:07:15][debug] begin notify
[2015-04-19 20:07:48][debug] begin notify
[2015-04-19 20:10:50][debug] begin notify
[2015-04-19 20:12:00][debug] begin notify
[2015-04-19 20:12:59][debug] begin notify
[2015-04-19 20:17:26][debug] begin notify
[2015-04-19 20:17:26][debug] call back:null
[2015-04-19 20:17:27][debug] begin notify
[2015-04-19 20:17:27][debug] call back:null
[2015-04-19 20:17:28][debug] begin notify
[2015-04-19 20:17:28][debug] call back:null
[2015-04-19 20:17:28][debug] begin notify
[2015-04-19 20:17:28][debug] call back:null
[2015-04-19 20:17:28][debug] begin notify
[2015-04-19 20:17:28][debug] call back:null
[2015-04-19 20:18:11][debug] begin notify
[2015-04-19 20:18:11][debug] call back:"<xml><appid><![CDATA[wxc3775cf2340d95b2]]><\/appid>\r\n<attach><![CDATA[6020150419080428]]><\/attach>\r\n<bank_type><![CDATA[CFT]]><\/bank_type>\r\n<cash_fee><![CDATA[1]]><\/cash_fee>\r\n<fee_type><![CDATA[CNY]]><\/fee_type>\r\n<is_subscribe><![CDATA[Y]]><\/is_subscribe>\r\n<mch_id><![CDATA[1224930902]]><\/mch_id>\r\n<nonce_str><![CDATA[d9hne9w1rstz1t4vkcurib99mmjo4dtl]]><\/nonce_str>\r\n<openid><![CDATA[od6X7t1pRxbXQkuSTPmXsowybuXM]]><\/openid>\r\n<out_trade_no><![CDATA[6020150419080428]]><\/out_trade_no>\r\n<result_code><![CDATA[SUCCESS]]><\/result_code>\r\n<return_code><![CDATA[SUCCESS]]><\/return_code>\r\n<sign><![CDATA[AD3D9FAB01C6E30619A90E82C5F987D2]]><\/sign>\r\n<time_end><![CDATA[20150419200641]]><\/time_end>\r\n<total_fee>1<\/total_fee>\r\n<trade_type><![CDATA[NATIVE]]><\/trade_type>\r\n<transaction_id><![CDATA[1001520464201504190075760847]]><\/transaction_id>\r\n<\/xml>"
[2015-04-19 20:18:12][debug] begin notify
[2015-04-19 20:18:12][debug] call back:"<xml><appid><![CDATA[wxc3775cf2340d95b2]]><\/appid>\r\n<attach><![CDATA[6020150419080428]]><\/attach>\r\n<bank_type><![CDATA[CFT]]><\/bank_type>\r\n<cash_fee><![CDATA[1]]><\/cash_fee>\r\n<fee_type><![CDATA[CNY]]><\/fee_type>\r\n<is_subscribe><![CDATA[Y]]><\/is_subscribe>\r\n<mch_id><![CDATA[1224930902]]><\/mch_id>\r\n<nonce_str><![CDATA[d9hne9w1rstz1t4vkcurib99mmjo4dtl]]><\/nonce_str>\r\n<openid><![CDATA[od6X7t1pRxbXQkuSTPmXsowybuXM]]><\/openid>\r\n<out_trade_no><![CDATA[6020150419080428]]><\/out_trade_no>\r\n<result_code><![CDATA[SUCCESS]]><\/result_code>\r\n<return_code><![CDATA[SUCCESS]]><\/return_code>\r\n<sign><![CDATA[AD3D9FAB01C6E30619A90E82C5F987D2]]><\/sign>\r\n<time_end><![CDATA[20150419200641]]><\/time_end>\r\n<total_fee>1<\/total_fee>\r\n<trade_type><![CDATA[NATIVE]]><\/trade_type>\r\n<transaction_id><![CDATA[1001520464201504190075760847]]><\/transaction_id>\r\n<\/xml>"
[2015-04-19 20:18:12][debug] begin notify
[2015-04-19 20:18:12][debug] call back:"<xml><appid><![CDATA[wxc3775cf2340d95b2]]><\/appid>\r\n<attach><![CDATA[6020150419080428]]><\/attach>\r\n<bank_type><![CDATA[CFT]]><\/bank_type>\r\n<cash_fee><![CDATA[1]]><\/cash_fee>\r\n<fee_type><![CDATA[CNY]]><\/fee_type>\r\n<is_subscribe><![CDATA[Y]]><\/is_subscribe>\r\n<mch_id><![CDATA[1224930902]]><\/mch_id>\r\n<nonce_str><![CDATA[d9hne9w1rstz1t4vkcurib99mmjo4dtl]]><\/nonce_str>\r\n<openid><![CDATA[od6X7t1pRxbXQkuSTPmXsowybuXM]]><\/openid>\r\n<out_trade_no><![CDATA[6020150419080428]]><\/out_trade_no>\r\n<result_code><![CDATA[SUCCESS]]><\/result_code>\r\n<return_code><![CDATA[SUCCESS]]><\/return_code>\r\n<sign><![CDATA[AD3D9FAB01C6E30619A90E82C5F987D2]]><\/sign>\r\n<time_end><![CDATA[20150419200641]]><\/time_end>\r\n<total_fee>1<\/total_fee>\r\n<trade_type><![CDATA[NATIVE]]><\/trade_type>\r\n<transaction_id><![CDATA[1001520464201504190075760847]]><\/transaction_id>\r\n<\/xml>"
[2015-04-19 20:18:12][debug] begin notify
[2015-04-19 20:18:12][debug] call back:"<xml><appid><![CDATA[wxc3775cf2340d95b2]]><\/appid>\r\n<attach><![CDATA[6020150419080428]]><\/attach>\r\n<bank_type><![CDATA[CFT]]><\/bank_type>\r\n<cash_fee><![CDATA[1]]><\/cash_fee>\r\n<fee_type><![CDATA[CNY]]><\/fee_type>\r\n<is_subscribe><![CDATA[Y]]><\/is_subscribe>\r\n<mch_id><![CDATA[1224930902]]><\/mch_id>\r\n<nonce_str><![CDATA[d9hne9w1rstz1t4vkcurib99mmjo4dtl]]><\/nonce_str>\r\n<openid><![CDATA[od6X7t1pRxbXQkuSTPmXsowybuXM]]><\/openid>\r\n<out_trade_no><![CDATA[6020150419080428]]><\/out_trade_no>\r\n<result_code><![CDATA[SUCCESS]]><\/result_code>\r\n<return_code><![CDATA[SUCCESS]]><\/return_code>\r\n<sign><![CDATA[AD3D9FAB01C6E30619A90E82C5F987D2]]><\/sign>\r\n<time_end><![CDATA[20150419200641]]><\/time_end>\r\n<total_fee>1<\/total_fee>\r\n<trade_type><![CDATA[NATIVE]]><\/trade_type>\r\n<transaction_id><![CDATA[1001520464201504190075760847]]><\/transaction_id>\r\n<\/xml>"
[2015-04-19 20:18:13][debug] begin notify
[2015-04-19 20:18:13][debug] call back:"<xml><appid><![CDATA[wxc3775cf2340d95b2]]><\/appid>\r\n<attach><![CDATA[6020150419080428]]><\/attach>\r\n<bank_type><![CDATA[CFT]]><\/bank_type>\r\n<cash_fee><![CDATA[1]]><\/cash_fee>\r\n<fee_type><![CDATA[CNY]]><\/fee_type>\r\n<is_subscribe><![CDATA[Y]]><\/is_subscribe>\r\n<mch_id><![CDATA[1224930902]]><\/mch_id>\r\n<nonce_str><![CDATA[d9hne9w1rstz1t4vkcurib99mmjo4dtl]]><\/nonce_str>\r\n<openid><![CDATA[od6X7t1pRxbXQkuSTPmXsowybuXM]]><\/openid>\r\n<out_trade_no><![CDATA[6020150419080428]]><\/out_trade_no>\r\n<result_code><![CDATA[SUCCESS]]><\/result_code>\r\n<return_code><![CDATA[SUCCESS]]><\/return_code>\r\n<sign><![CDATA[AD3D9FAB01C6E30619A90E82C5F987D2]]><\/sign>\r\n<time_end><![CDATA[20150419200641]]><\/time_end>\r\n<total_fee>1<\/total_fee>\r\n<trade_type><![CDATA[NATIVE]]><\/trade_type>\r\n<transaction_id><![CDATA[1001520464201504190075760847]]><\/transaction_id>\r\n<\/xml>"
[2015-04-19 20:18:15][debug] begin notify
[2015-04-19 20:18:15][debug] call back:"<xml><appid><![CDATA[wxc3775cf2340d95b2]]><\/appid>\r\n<attach><![CDATA[6020150419080428]]><\/attach>\r\n<bank_type><![CDATA[CFT]]><\/bank_type>\r\n<cash_fee><![CDATA[1]]><\/cash_fee>\r\n<fee_type><![CDATA[CNY]]><\/fee_type>\r\n<is_subscribe><![CDATA[Y]]><\/is_subscribe>\r\n<mch_id><![CDATA[1224930902]]><\/mch_id>\r\n<nonce_str><![CDATA[d9hne9w1rstz1t4vkcurib99mmjo4dtl]]><\/nonce_str>\r\n<openid><![CDATA[od6X7t1pRxbXQkuSTPmXsowybuXM]]><\/openid>\r\n<out_trade_no><![CDATA[6020150419080428]]><\/out_trade_no>\r\n<result_code><![CDATA[SUCCESS]]><\/result_code>\r\n<return_code><![CDATA[SUCCESS]]><\/return_code>\r\n<sign><![CDATA[AD3D9FAB01C6E30619A90E82C5F987D2]]><\/sign>\r\n<time_end><![CDATA[20150419200641]]><\/time_end>\r\n<total_fee>1<\/total_fee>\r\n<trade_type><![CDATA[NATIVE]]><\/trade_type>\r\n<transaction_id><![CDATA[1001520464201504190075760847]]><\/transaction_id>\r\n<\/xml>"
[2015-04-19 20:18:16][debug] begin notify
[2015-04-19 20:18:16][debug] call back:"<xml><appid><![CDATA[wxc3775cf2340d95b2]]><\/appid>\r\n<attach><![CDATA[6020150419080428]]><\/attach>\r\n<bank_type><![CDATA[CFT]]><\/bank_type>\r\n<cash_fee><![CDATA[1]]><\/cash_fee>\r\n<fee_type><![CDATA[CNY]]><\/fee_type>\r\n<is_subscribe><![CDATA[Y]]><\/is_subscribe>\r\n<mch_id><![CDATA[1224930902]]><\/mch_id>\r\n<nonce_str><![CDATA[d9hne9w1rstz1t4vkcurib99mmjo4dtl]]><\/nonce_str>\r\n<openid><![CDATA[od6X7t1pRxbXQkuSTPmXsowybuXM]]><\/openid>\r\n<out_trade_no><![CDATA[6020150419080428]]><\/out_trade_no>\r\n<result_code><![CDATA[SUCCESS]]><\/result_code>\r\n<return_code><![CDATA[SUCCESS]]><\/return_code>\r\n<sign><![CDATA[AD3D9FAB01C6E30619A90E82C5F987D2]]><\/sign>\r\n<time_end><![CDATA[20150419200641]]><\/time_end>\r\n<total_fee>1<\/total_fee>\r\n<trade_type><![CDATA[NATIVE]]><\/trade_type>\r\n<transaction_id><![CDATA[1001520464201504190075760847]]><\/transaction_id>\r\n<\/xml>"
[2015-04-19 20:18:16][debug] begin notify
[2015-04-19 20:18:16][debug] call back:"<xml><appid><![CDATA[wxc3775cf2340d95b2]]><\/appid>\r\n<attach><![CDATA[6020150419080428]]><\/attach>\r\n<bank_type><![CDATA[CFT]]><\/bank_type>\r\n<cash_fee><![CDATA[1]]><\/cash_fee>\r\n<fee_type><![CDATA[CNY]]><\/fee_type>\r\n<is_subscribe><![CDATA[Y]]><\/is_subscribe>\r\n<mch_id><![CDATA[1224930902]]><\/mch_id>\r\n<nonce_str><![CDATA[d9hne9w1rstz1t4vkcurib99mmjo4dtl]]><\/nonce_str>\r\n<openid><![CDATA[od6X7t1pRxbXQkuSTPmXsowybuXM]]><\/openid>\r\n<out_trade_no><![CDATA[6020150419080428]]><\/out_trade_no>\r\n<result_code><![CDATA[SUCCESS]]><\/result_code>\r\n<return_code><![CDATA[SUCCESS]]><\/return_code>\r\n<sign><![CDATA[AD3D9FAB01C6E30619A90E82C5F987D2]]><\/sign>\r\n<time_end><![CDATA[20150419200641]]><\/time_end>\r\n<total_fee>1<\/total_fee>\r\n<trade_type><![CDATA[NATIVE]]><\/trade_type>\r\n<transaction_id><![CDATA[1001520464201504190075760847]]><\/transaction_id>\r\n<\/xml>"
[2015-04-19 20:18:16][debug] begin notify
[2015-04-19 20:18:16][debug] call back:"<xml><appid><![CDATA[wxc3775cf2340d95b2]]><\/appid>\r\n<attach><![CDATA[6020150419080428]]><\/attach>\r\n<bank_type><![CDATA[CFT]]><\/bank_type>\r\n<cash_fee><![CDATA[1]]><\/cash_fee>\r\n<fee_type><![CDATA[CNY]]><\/fee_type>\r\n<is_subscribe><![CDATA[Y]]><\/is_subscribe>\r\n<mch_id><![CDATA[1224930902]]><\/mch_id>\r\n<nonce_str><![CDATA[d9hne9w1rstz1t4vkcurib99mmjo4dtl]]><\/nonce_str>\r\n<openid><![CDATA[od6X7t1pRxbXQkuSTPmXsowybuXM]]><\/openid>\r\n<out_trade_no><![CDATA[6020150419080428]]><\/out_trade_no>\r\n<result_code><![CDATA[SUCCESS]]><\/result_code>\r\n<return_code><![CDATA[SUCCESS]]><\/return_code>\r\n<sign><![CDATA[AD3D9FAB01C6E30619A90E82C5F987D2]]><\/sign>\r\n<time_end><![CDATA[20150419200641]]><\/time_end>\r\n<total_fee>1<\/total_fee>\r\n<trade_type><![CDATA[NATIVE]]><\/trade_type>\r\n<transaction_id><![CDATA[1001520464201504190075760847]]><\/transaction_id>\r\n<\/xml>"
[2015-04-19 20:18:16][debug] begin notify
[2015-04-19 20:18:16][debug] call back:"<xml><appid><![CDATA[wxc3775cf2340d95b2]]><\/appid>\r\n<attach><![CDATA[6020150419080428]]><\/attach>\r\n<bank_type><![CDATA[CFT]]><\/bank_type>\r\n<cash_fee><![CDATA[1]]><\/cash_fee>\r\n<fee_type><![CDATA[CNY]]><\/fee_type>\r\n<is_subscribe><![CDATA[Y]]><\/is_subscribe>\r\n<mch_id><![CDATA[1224930902]]><\/mch_id>\r\n<nonce_str><![CDATA[d9hne9w1rstz1t4vkcurib99mmjo4dtl]]><\/nonce_str>\r\n<openid><![CDATA[od6X7t1pRxbXQkuSTPmXsowybuXM]]><\/openid>\r\n<out_trade_no><![CDATA[6020150419080428]]><\/out_trade_no>\r\n<result_code><![CDATA[SUCCESS]]><\/result_code>\r\n<return_code><![CDATA[SUCCESS]]><\/return_code>\r\n<sign><![CDATA[AD3D9FAB01C6E30619A90E82C5F987D2]]><\/sign>\r\n<time_end><![CDATA[20150419200641]]><\/time_end>\r\n<total_fee>1<\/total_fee>\r\n<trade_type><![CDATA[NATIVE]]><\/trade_type>\r\n<transaction_id><![CDATA[1001520464201504190075760847]]><\/transaction_id>\r\n<\/xml>"
[2015-04-19 20:18:16][debug] begin notify
[2015-04-19 20:18:16][debug] call back:"<xml><appid><![CDATA[wxc3775cf2340d95b2]]><\/appid>\r\n<attach><![CDATA[6020150419080428]]><\/attach>\r\n<bank_type><![CDATA[CFT]]><\/bank_type>\r\n<cash_fee><![CDATA[1]]><\/cash_fee>\r\n<fee_type><![CDATA[CNY]]><\/fee_type>\r\n<is_subscribe><![CDATA[Y]]><\/is_subscribe>\r\n<mch_id><![CDATA[1224930902]]><\/mch_id>\r\n<nonce_str><![CDATA[d9hne9w1rstz1t4vkcurib99mmjo4dtl]]><\/nonce_str>\r\n<openid><![CDATA[od6X7t1pRxbXQkuSTPmXsowybuXM]]><\/openid>\r\n<out_trade_no><![CDATA[6020150419080428]]><\/out_trade_no>\r\n<result_code><![CDATA[SUCCESS]]><\/result_code>\r\n<return_code><![CDATA[SUCCESS]]><\/return_code>\r\n<sign><![CDATA[AD3D9FAB01C6E30619A90E82C5F987D2]]><\/sign>\r\n<time_end><![CDATA[20150419200641]]><\/time_end>\r\n<total_fee>1<\/total_fee>\r\n<trade_type><![CDATA[NATIVE]]><\/trade_type>\r\n<transaction_id><![CDATA[1001520464201504190075760847]]><\/transaction_id>\r\n<\/xml>"
[2015-04-19 20:18:17][debug] begin notify
[2015-04-19 20:18:17][debug] call back:"<xml><appid><![CDATA[wxc3775cf2340d95b2]]><\/appid>\r\n<attach><![CDATA[6020150419080428]]><\/attach>\r\n<bank_type><![CDATA[CFT]]><\/bank_type>\r\n<cash_fee><![CDATA[1]]><\/cash_fee>\r\n<fee_type><![CDATA[CNY]]><\/fee_type>\r\n<is_subscribe><![CDATA[Y]]><\/is_subscribe>\r\n<mch_id><![CDATA[1224930902]]><\/mch_id>\r\n<nonce_str><![CDATA[d9hne9w1rstz1t4vkcurib99mmjo4dtl]]><\/nonce_str>\r\n<openid><![CDATA[od6X7t1pRxbXQkuSTPmXsowybuXM]]><\/openid>\r\n<out_trade_no><![CDATA[6020150419080428]]><\/out_trade_no>\r\n<result_code><![CDATA[SUCCESS]]><\/result_code>\r\n<return_code><![CDATA[SUCCESS]]><\/return_code>\r\n<sign><![CDATA[AD3D9FAB01C6E30619A90E82C5F987D2]]><\/sign>\r\n<time_end><![CDATA[20150419200641]]><\/time_end>\r\n<total_fee>1<\/total_fee>\r\n<trade_type><![CDATA[NATIVE]]><\/trade_type>\r\n<transaction_id><![CDATA[1001520464201504190075760847]]><\/transaction_id>\r\n<\/xml>"
[2015-04-19 20:18:17][debug] begin notify
[2015-04-19 20:18:17][debug] call back:"<xml><appid><![CDATA[wxc3775cf2340d95b2]]><\/appid>\r\n<attach><![CDATA[6020150419080428]]><\/attach>\r\n<bank_type><![CDATA[CFT]]><\/bank_type>\r\n<cash_fee><![CDATA[1]]><\/cash_fee>\r\n<fee_type><![CDATA[CNY]]><\/fee_type>\r\n<is_subscribe><![CDATA[Y]]><\/is_subscribe>\r\n<mch_id><![CDATA[1224930902]]><\/mch_id>\r\n<nonce_str><![CDATA[d9hne9w1rstz1t4vkcurib99mmjo4dtl]]><\/nonce_str>\r\n<openid><![CDATA[od6X7t1pRxbXQkuSTPmXsowybuXM]]><\/openid>\r\n<out_trade_no><![CDATA[6020150419080428]]><\/out_trade_no>\r\n<result_code><![CDATA[SUCCESS]]><\/result_code>\r\n<return_code><![CDATA[SUCCESS]]><\/return_code>\r\n<sign><![CDATA[AD3D9FAB01C6E30619A90E82C5F987D2]]><\/sign>\r\n<time_end><![CDATA[20150419200641]]><\/time_end>\r\n<total_fee>1<\/total_fee>\r\n<trade_type><![CDATA[NATIVE]]><\/trade_type>\r\n<transaction_id><![CDATA[1001520464201504190075760847]]><\/transaction_id>\r\n<\/xml>"
[2015-04-19 20:18:54][debug] begin notify
[2015-04-19 20:18:54][debug] call back:{"appid":"wxc3775cf2340d95b2","attach":"6020150419080428","bank_type":"CFT","cash_fee":"1","fee_type":"CNY","is_subscribe":"Y","mch_id":"1224930902","nonce_str":"d9hne9w1rstz1t4vkcurib99mmjo4dtl","openid":"od6X7t1pRxbXQkuSTPmXsowybuXM","out_trade_no":"6020150419080428","result_code":"SUCCESS","return_code":"SUCCESS","sign":"AD3D9FAB01C6E30619A90E82C5F987D2","time_end":"20150419200641","total_fee":"1","trade_type":"NATIVE","transaction_id":"1001520464201504190075760847"}
[2015-04-19 20:18:54][debug] query:{"return_code":"FAIL","return_msg":"appid\u4e0d\u5b58\u5728"}
[2015-04-19 20:18:56][debug] begin notify
[2015-04-19 20:18:56][debug] call back:{"appid":"wxc3775cf2340d95b2","attach":"6020150419080428","bank_type":"CFT","cash_fee":"1","fee_type":"CNY","is_subscribe":"Y","mch_id":"1224930902","nonce_str":"d9hne9w1rstz1t4vkcurib99mmjo4dtl","openid":"od6X7t1pRxbXQkuSTPmXsowybuXM","out_trade_no":"6020150419080428","result_code":"SUCCESS","return_code":"SUCCESS","sign":"AD3D9FAB01C6E30619A90E82C5F987D2","time_end":"20150419200641","total_fee":"1","trade_type":"NATIVE","transaction_id":"1001520464201504190075760847"}
[2015-04-19 20:18:56][debug] query:{"return_code":"FAIL","return_msg":"appid\u4e0d\u5b58\u5728"}
[2015-04-19 20:19:15][debug] begin notify
[2015-04-19 20:19:15][debug] call back:{"appid":"wxc3775cf2340d95b2","attach":"6020150419080428","bank_type":"CFT","cash_fee":"1","fee_type":"CNY","is_subscribe":"Y","mch_id":"1224930902","nonce_str":"d9hne9w1rstz1t4vkcurib99mmjo4dtl","openid":"od6X7t1pRxbXQkuSTPmXsowybuXM","out_trade_no":"6020150419080428","result_code":"SUCCESS","return_code":"SUCCESS","sign":"AD3D9FAB01C6E30619A90E82C5F987D2","time_end":"20150419200641","total_fee":"1","trade_type":"NATIVE","transaction_id":"1001520464201504190075760847"}
[2015-04-19 20:19:16][debug] query:{"return_code":"FAIL","return_msg":"appid\u4e0d\u5b58\u5728"}
[2015-04-19 20:19:16][debug] begin notify
[2015-04-19 20:19:16][debug] call back:{"appid":"wxc3775cf2340d95b2","attach":"6020150419080428","bank_type":"CFT","cash_fee":"1","fee_type":"CNY","is_subscribe":"Y","mch_id":"1224930902","nonce_str":"d9hne9w1rstz1t4vkcurib99mmjo4dtl","openid":"od6X7t1pRxbXQkuSTPmXsowybuXM","out_trade_no":"6020150419080428","result_code":"SUCCESS","return_code":"SUCCESS","sign":"AD3D9FAB01C6E30619A90E82C5F987D2","time_end":"20150419200641","total_fee":"1","trade_type":"NATIVE","transaction_id":"1001520464201504190075760847"}
[2015-04-19 20:19:17][debug] query:{"return_code":"FAIL","return_msg":"appid\u4e0d\u5b58\u5728"}
[2015-04-19 20:19:30][debug] begin notify
[2015-04-19 20:19:30][debug] call back:{"appid":"wxc3775cf2340d95b2","attach":"6020150419080428","bank_type":"CFT","cash_fee":"1","fee_type":"CNY","is_subscribe":"Y","mch_id":"1224930902","nonce_str":"d9hne9w1rstz1t4vkcurib99mmjo4dtl","openid":"od6X7t1pRxbXQkuSTPmXsowybuXM","out_trade_no":"6020150419080428","result_code":"SUCCESS","return_code":"SUCCESS","sign":"AD3D9FAB01C6E30619A90E82C5F987D2","time_end":"20150419200641","total_fee":"1","trade_type":"NATIVE","transaction_id":"1001520464201504190075760847"}
[2015-04-19 20:19:30][debug] query:{"return_code":"FAIL","return_msg":"appid\u4e0d\u5b58\u5728"}
[2015-04-19 20:19:31][debug] begin notify
[2015-04-19 20:19:31][debug] call back:{"appid":"wxc3775cf2340d95b2","attach":"6020150419080428","bank_type":"CFT","cash_fee":"1","fee_type":"CNY","is_subscribe":"Y","mch_id":"1224930902","nonce_str":"d9hne9w1rstz1t4vkcurib99mmjo4dtl","openid":"od6X7t1pRxbXQkuSTPmXsowybuXM","out_trade_no":"6020150419080428","result_code":"SUCCESS","return_code":"SUCCESS","sign":"AD3D9FAB01C6E30619A90E82C5F987D2","time_end":"20150419200641","total_fee":"1","trade_type":"NATIVE","transaction_id":"1001520464201504190075760847"}
[2015-04-19 20:19:31][debug] query:{"return_code":"FAIL","return_msg":"appid\u4e0d\u5b58\u5728"}
[2015-04-19 20:19:49][debug] begin notify
[2015-04-19 20:19:49][debug] call back:{"appid":"wxc3775cf2340d95b2","attach":"6020150419080428","bank_type":"CFT","cash_fee":"1","fee_type":"CNY","is_subscribe":"Y","mch_id":"1224930902","nonce_str":"d9hne9w1rstz1t4vkcurib99mmjo4dtl","openid":"od6X7t1pRxbXQkuSTPmXsowybuXM","out_trade_no":"6020150419080428","result_code":"SUCCESS","return_code":"SUCCESS","sign":"AD3D9FAB01C6E30619A90E82C5F987D2","time_end":"20150419200641","total_fee":"1","trade_type":"NATIVE","transaction_id":"1001520464201504190075760847"}
[2015-04-19 20:19:49][debug] query:{"return_code":"FAIL","return_msg":"appid\u4e0d\u5b58\u5728"}
[2015-04-19 20:19:50][debug] begin notify
[2015-04-19 20:19:50][debug] call back:{"appid":"wxc3775cf2340d95b2","attach":"6020150419080428","bank_type":"CFT","cash_fee":"1","fee_type":"CNY","is_subscribe":"Y","mch_id":"1224930902","nonce_str":"d9hne9w1rstz1t4vkcurib99mmjo4dtl","openid":"od6X7t1pRxbXQkuSTPmXsowybuXM","out_trade_no":"6020150419080428","result_code":"SUCCESS","return_code":"SUCCESS","sign":"AD3D9FAB01C6E30619A90E82C5F987D2","time_end":"20150419200641","total_fee":"1","trade_type":"NATIVE","transaction_id":"1001520464201504190075760847"}
[2015-04-19 20:19:51][debug] query:{"return_code":"FAIL","return_msg":"appid\u4e0d\u5b58\u5728"}
[2015-04-19 20:19:51][debug] begin notify
[2015-04-19 20:19:51][debug] call back:{"appid":"wxc3775cf2340d95b2","attach":"6020150419080428","bank_type":"CFT","cash_fee":"1","fee_type":"CNY","is_subscribe":"Y","mch_id":"1224930902","nonce_str":"d9hne9w1rstz1t4vkcurib99mmjo4dtl","openid":"od6X7t1pRxbXQkuSTPmXsowybuXM","out_trade_no":"6020150419080428","result_code":"SUCCESS","return_code":"SUCCESS","sign":"AD3D9FAB01C6E30619A90E82C5F987D2","time_end":"20150419200641","total_fee":"1","trade_type":"NATIVE","transaction_id":"1001520464201504190075760847"}
[2015-04-19 20:19:51][debug] query:{"return_code":"FAIL","return_msg":"appid\u4e0d\u5b58\u5728"}
[2015-04-19 20:19:57][debug] begin notify
[2015-04-19 20:19:57][debug] call back:{"appid":"wxc3775cf2340d95b2","attach":"6020150419080428","bank_type":"CFT","cash_fee":"1","fee_type":"CNY","is_subscribe":"Y","mch_id":"1224930902","nonce_str":"d9hne9w1rstz1t4vkcurib99mmjo4dtl","openid":"od6X7t1pRxbXQkuSTPmXsowybuXM","out_trade_no":"6020150419080428","result_code":"SUCCESS","return_code":"SUCCESS","sign":"AD3D9FAB01C6E30619A90E82C5F987D2","time_end":"20150419200641","total_fee":"1","trade_type":"NATIVE","transaction_id":"1001520464201504190075760847"}
[2015-04-19 20:19:57][debug] query:{"return_code":"FAIL","return_msg":"appid\u4e0d\u5b58\u5728"}
[2015-04-19 20:19:58][debug] begin notify
[2015-04-19 20:19:58][debug] call back:{"appid":"wxc3775cf2340d95b2","attach":"6020150419080428","bank_type":"CFT","cash_fee":"1","fee_type":"CNY","is_subscribe":"Y","mch_id":"1224930902","nonce_str":"d9hne9w1rstz1t4vkcurib99mmjo4dtl","openid":"od6X7t1pRxbXQkuSTPmXsowybuXM","out_trade_no":"6020150419080428","result_code":"SUCCESS","return_code":"SUCCESS","sign":"AD3D9FAB01C6E30619A90E82C5F987D2","time_end":"20150419200641","total_fee":"1","trade_type":"NATIVE","transaction_id":"1001520464201504190075760847"}
[2015-04-19 20:19:58][debug] query:{"return_code":"FAIL","return_msg":"appid\u4e0d\u5b58\u5728"}
[2015-04-19 20:20:11][debug] begin notify
[2015-04-19 20:20:11][debug] call back:{"appid":"wxc3775cf2340d95b2","attach":"6020150419080428","bank_type":"CFT","cash_fee":"1","fee_type":"CNY","is_subscribe":"Y","mch_id":"1224930902","nonce_str":"d9hne9w1rstz1t4vkcurib99mmjo4dtl","openid":"od6X7t1pRxbXQkuSTPmXsowybuXM","out_trade_no":"6020150419080428","result_code":"SUCCESS","return_code":"SUCCESS","sign":"AD3D9FAB01C6E30619A90E82C5F987D2","time_end":"20150419200641","total_fee":"1","trade_type":"NATIVE","transaction_id":"1001520464201504190075760847"}
[2015-04-19 20:20:11][debug] query:{"return_code":"FAIL","return_msg":"appid\u4e0d\u5b58\u5728"}
[2015-04-19 20:20:12][debug] begin notify
[2015-04-19 20:20:12][debug] call back:{"appid":"wxc3775cf2340d95b2","attach":"6020150419080428","bank_type":"CFT","cash_fee":"1","fee_type":"CNY","is_subscribe":"Y","mch_id":"1224930902","nonce_str":"d9hne9w1rstz1t4vkcurib99mmjo4dtl","openid":"od6X7t1pRxbXQkuSTPmXsowybuXM","out_trade_no":"6020150419080428","result_code":"SUCCESS","return_code":"SUCCESS","sign":"AD3D9FAB01C6E30619A90E82C5F987D2","time_end":"20150419200641","total_fee":"1","trade_type":"NATIVE","transaction_id":"1001520464201504190075760847"}
[2015-04-19 20:20:12][debug] query:{"return_code":"FAIL","return_msg":"appid\u4e0d\u5b58\u5728"}
[2015-04-19 20:20:12][debug] begin notify
[2015-04-19 20:20:12][debug] call back:{"appid":"wxc3775cf2340d95b2","attach":"6020150419080428","bank_type":"CFT","cash_fee":"1","fee_type":"CNY","is_subscribe":"Y","mch_id":"1224930902","nonce_str":"d9hne9w1rstz1t4vkcurib99mmjo4dtl","openid":"od6X7t1pRxbXQkuSTPmXsowybuXM","out_trade_no":"6020150419080428","result_code":"SUCCESS","return_code":"SUCCESS","sign":"AD3D9FAB01C6E30619A90E82C5F987D2","time_end":"20150419200641","total_fee":"1","trade_type":"NATIVE","transaction_id":"1001520464201504190075760847"}
[2015-04-19 20:20:13][debug] query:{"return_code":"FAIL","return_msg":"appid\u4e0d\u5b58\u5728"}
[2015-04-19 20:20:45][debug] begin notify
[2015-04-19 20:20:45][debug] call back:{"appid":"wxc3775cf2340d95b2","attach":"6020150419080428","bank_type":"CFT","cash_fee":"1","fee_type":"CNY","is_subscribe":"Y","mch_id":"1224930902","nonce_str":"d9hne9w1rstz1t4vkcurib99mmjo4dtl","openid":"od6X7t1pRxbXQkuSTPmXsowybuXM","out_trade_no":"6020150419080428","result_code":"SUCCESS","return_code":"SUCCESS","sign":"AD3D9FAB01C6E30619A90E82C5F987D2","time_end":"20150419200641","total_fee":"1","trade_type":"NATIVE","transaction_id":"1001520464201504190075760847"}
[2015-04-19 20:20:45][debug] query:{"return_code":"FAIL","return_msg":"appid\u4e0d\u5b58\u5728"}
[2015-04-19 20:21:08][debug] begin notify
[2015-04-19 20:21:08][debug] call back:{"appid":"wxc3775cf2340d95b2","attach":"6020150419080428","bank_type":"CFT","cash_fee":"1","fee_type":"CNY","is_subscribe":"Y","mch_id":"1224930902","nonce_str":"d9hne9w1rstz1t4vkcurib99mmjo4dtl","openid":"od6X7t1pRxbXQkuSTPmXsowybuXM","out_trade_no":"6020150419080428","result_code":"SUCCESS","return_code":"SUCCESS","sign":"AD3D9FAB01C6E30619A90E82C5F987D2","time_end":"20150419200641","total_fee":"1","trade_type":"NATIVE","transaction_id":"1001520464201504190075760847"}
[2015-04-19 20:21:08][debug] query:{"return_code":"FAIL","return_msg":"appid\u4e0d\u5b58\u5728"}
[2015-04-19 20:21:08][debug] call back:{"appid":"wxc3775cf2340d95b2","attach":"6020150419080428","bank_type":"CFT","cash_fee":"1","fee_type":"CNY","is_subscribe":"Y","mch_id":"1224930902","nonce_str":"d9hne9w1rstz1t4vkcurib99mmjo4dtl","openid":"od6X7t1pRxbXQkuSTPmXsowybuXM","out_trade_no":"6020150419080428","result_code":"SUCCESS","return_code":"SUCCESS","sign":"AD3D9FAB01C6E30619A90E82C5F987D2","time_end":"20150419200641","total_fee":"1","trade_type":"NATIVE","transaction_id":"1001520464201504190075760847"}
[2015-04-19 20:21:09][debug] query:{"return_code":"FAIL","return_msg":"appid\u4e0d\u5b58\u5728"}
[2015-04-19 20:21:26][debug] begin notify
[2015-04-19 20:21:26][debug] call back:{"appid":"wxc3775cf2340d95b2","attach":"6020150419080428","bank_type":"CFT","cash_fee":"1","fee_type":"CNY","is_subscribe":"Y","mch_id":"1224930902","nonce_str":"d9hne9w1rstz1t4vkcurib99mmjo4dtl","openid":"od6X7t1pRxbXQkuSTPmXsowybuXM","out_trade_no":"6020150419080428","result_code":"SUCCESS","return_code":"SUCCESS","sign":"AD3D9FAB01C6E30619A90E82C5F987D2","time_end":"20150419200641","total_fee":"1","trade_type":"NATIVE","transaction_id":"1001520464201504190075760847"}
[2015-04-19 20:21:26][debug] query:{"return_code":"FAIL","return_msg":"appid\u4e0d\u5b58\u5728"}
[2015-04-19 20:21:28][debug] begin notify
[2015-04-19 20:21:28][debug] call back:{"appid":"wxc3775cf2340d95b2","attach":"6020150419080428","bank_type":"CFT","cash_fee":"1","fee_type":"CNY","is_subscribe":"Y","mch_id":"1224930902","nonce_str":"d9hne9w1rstz1t4vkcurib99mmjo4dtl","openid":"od6X7t1pRxbXQkuSTPmXsowybuXM","out_trade_no":"6020150419080428","result_code":"SUCCESS","return_code":"SUCCESS","sign":"AD3D9FAB01C6E30619A90E82C5F987D2","time_end":"20150419200641","total_fee":"1","trade_type":"NATIVE","transaction_id":"1001520464201504190075760847"}
[2015-04-19 20:21:28][debug] query:{"return_code":"FAIL","return_msg":"appid\u4e0d\u5b58\u5728"}
[2015-04-19 20:21:30][debug] begin notify
[2015-04-19 20:21:30][debug] call back:{"appid":"wxc3775cf2340d95b2","attach":"6020150419080428","bank_type":"CFT","cash_fee":"1","fee_type":"CNY","is_subscribe":"Y","mch_id":"1224930902","nonce_str":"d9hne9w1rstz1t4vkcurib99mmjo4dtl","openid":"od6X7t1pRxbXQkuSTPmXsowybuXM","out_trade_no":"6020150419080428","result_code":"SUCCESS","return_code":"SUCCESS","sign":"AD3D9FAB01C6E30619A90E82C5F987D2","time_end":"20150419200641","total_fee":"1","trade_type":"NATIVE","transaction_id":"1001520464201504190075760847"}
[2015-04-19 20:21:30][debug] query:{"return_code":"FAIL","return_msg":"appid\u4e0d\u5b58\u5728"}
[2015-04-19 20:21:34][debug] begin notify
[2015-04-19 20:21:34][debug] call back:{"appid":"wxc3775cf2340d95b2","attach":"6020150419080428","bank_type":"CFT","cash_fee":"1","fee_type":"CNY","is_subscribe":"Y","mch_id":"1224930902","nonce_str":"d9hne9w1rstz1t4vkcurib99mmjo4dtl","openid":"od6X7t1pRxbXQkuSTPmXsowybuXM","out_trade_no":"6020150419080428","result_code":"SUCCESS","return_code":"SUCCESS","sign":"AD3D9FAB01C6E30619A90E82C5F987D2","time_end":"20150419200641","total_fee":"1","trade_type":"NATIVE","transaction_id":"1001520464201504190075760847"}
[2015-04-19 20:21:34][debug] query:{"return_code":"FAIL","return_msg":"appid\u4e0d\u5b58\u5728"}
[2015-04-19 20:21:44][debug] begin notify
[2015-04-19 20:21:44][debug] call back:{"appid":"wxc3775cf2340d95b2","attach":"6020150419080428","bank_type":"CFT","cash_fee":"1","fee_type":"CNY","is_subscribe":"Y","mch_id":"1224930902","nonce_str":"d9hne9w1rstz1t4vkcurib99mmjo4dtl","openid":"od6X7t1pRxbXQkuSTPmXsowybuXM","out_trade_no":"6020150419080428","result_code":"SUCCESS","return_code":"SUCCESS","sign":"AD3D9FAB01C6E30619A90E82C5F987D2","time_end":"20150419200641","total_fee":"1","trade_type":"NATIVE","transaction_id":"1001520464201504190075760847"}
[2015-04-19 20:21:44][debug] query:{"return_code":"FAIL","return_msg":"appid\u4e0d\u5b58\u5728"}
[2015-04-19 20:21:45][debug] begin notify
[2015-04-19 20:21:45][debug] call back:{"appid":"wxc3775cf2340d95b2","attach":"6020150419080428","bank_type":"CFT","cash_fee":"1","fee_type":"CNY","is_subscribe":"Y","mch_id":"1224930902","nonce_str":"d9hne9w1rstz1t4vkcurib99mmjo4dtl","openid":"od6X7t1pRxbXQkuSTPmXsowybuXM","out_trade_no":"6020150419080428","result_code":"SUCCESS","return_code":"SUCCESS","sign":"AD3D9FAB01C6E30619A90E82C5F987D2","time_end":"20150419200641","total_fee":"1","trade_type":"NATIVE","transaction_id":"1001520464201504190075760847"}
[2015-04-19 20:21:45][debug] query:{"return_code":"FAIL","return_msg":"appid\u4e0d\u5b58\u5728"}
[2015-04-19 20:22:20][debug] begin notify
[2015-04-19 20:22:20][debug] call back:{"appid":"wxc3775cf2340d95b2","attach":"6020150419080428","bank_type":"CFT","cash_fee":"1","fee_type":"CNY","is_subscribe":"Y","mch_id":"1224930902","nonce_str":"d9hne9w1rstz1t4vkcurib99mmjo4dtl","openid":"od6X7t1pRxbXQkuSTPmXsowybuXM","out_trade_no":"6020150419080428","result_code":"SUCCESS","return_code":"SUCCESS","sign":"AD3D9FAB01C6E30619A90E82C5F987D2","time_end":"20150419200641","total_fee":"1","trade_type":"NATIVE","transaction_id":"1001520464201504190075760847"}
[2015-04-19 20:22:20][debug] query:{"return_code":"FAIL","return_msg":"appid\u4e0d\u5b58\u5728"}
[2015-04-19 20:22:34][debug] begin notify
[2015-04-19 20:22:34][debug] call back:{"appid":"wxc3775cf2340d95b2","attach":"6020150419080428","bank_type":"CFT","cash_fee":"1","fee_type":"CNY","is_subscribe":"Y","mch_id":"1224930902","nonce_str":"d9hne9w1rstz1t4vkcurib99mmjo4dtl","openid":"od6X7t1pRxbXQkuSTPmXsowybuXM","out_trade_no":"6020150419080428","result_code":"SUCCESS","return_code":"SUCCESS","sign":"AD3D9FAB01C6E30619A90E82C5F987D2","time_end":"20150419200641","total_fee":"1","trade_type":"NATIVE","transaction_id":"1001520464201504190075760847"}
[2015-04-19 20:22:35][debug] query:{"return_code":"FAIL","return_msg":"appid\u4e0d\u5b58\u5728"}
[2015-04-19 20:22:53][debug] begin notify
[2015-04-19 20:22:53][debug] call back:{"appid":"wxc3775cf2340d95b2","attach":"6020150419080428","bank_type":"CFT","cash_fee":"1","fee_type":"CNY","is_subscribe":"Y","mch_id":"1224930902","nonce_str":"d9hne9w1rstz1t4vkcurib99mmjo4dtl","openid":"od6X7t1pRxbXQkuSTPmXsowybuXM","out_trade_no":"6020150419080428","result_code":"SUCCESS","return_code":"SUCCESS","sign":"AD3D9FAB01C6E30619A90E82C5F987D2","time_end":"20150419200641","total_fee":"1","trade_type":"NATIVE","transaction_id":"1001520464201504190075760847"}
[2015-04-19 20:22:53][debug] query:{"return_code":"FAIL","return_msg":"appid\u4e0d\u5b58\u5728"}
[2015-04-19 20:23:24][debug] begin notify
[2015-04-19 20:23:24][debug] call back:{"appid":"wxc3775cf2340d95b2","attach":"6020150419080428","bank_type":"CFT","cash_fee":"1","fee_type":"CNY","is_subscribe":"Y","mch_id":"1224930902","nonce_str":"d9hne9w1rstz1t4vkcurib99mmjo4dtl","openid":"od6X7t1pRxbXQkuSTPmXsowybuXM","out_trade_no":"6020150419080428","result_code":"SUCCESS","return_code":"SUCCESS","sign":"AD3D9FAB01C6E30619A90E82C5F987D2","time_end":"20150419200641","total_fee":"1","trade_type":"NATIVE","transaction_id":"1001520464201504190075760847"}
[2015-04-19 20:23:25][debug] query:{"return_code":"FAIL","return_msg":"appid\u4e0d\u5b58\u5728"}
[2015-04-19 20:23:28][debug] begin notify
[2015-04-19 20:23:28][debug] call back:{"appid":"wxc3775cf2340d95b2","attach":"6020150419080428","bank_type":"CFT","cash_fee":"1","fee_type":"CNY","is_subscribe":"Y","mch_id":"1224930902","nonce_str":"d9hne9w1rstz1t4vkcurib99mmjo4dtl","openid":"od6X7t1pRxbXQkuSTPmXsowybuXM","out_trade_no":"6020150419080428","result_code":"SUCCESS","return_code":"SUCCESS","sign":"AD3D9FAB01C6E30619A90E82C5F987D2","time_end":"20150419200641","total_fee":"1","trade_type":"NATIVE","transaction_id":"1001520464201504190075760847"}
[2015-04-19 20:23:28][debug] query:{"return_code":"FAIL","return_msg":"appid\u4e0d\u5b58\u5728"}
[2015-04-19 20:24:13][debug] begin notify
[2015-04-19 20:24:13][debug] call back:{"appid":"wxc3775cf2340d95b2","attach":"6020150419080428","bank_type":"CFT","cash_fee":"1","fee_type":"CNY","is_subscribe":"Y","mch_id":"1224930902","nonce_str":"d9hne9w1rstz1t4vkcurib99mmjo4dtl","openid":"od6X7t1pRxbXQkuSTPmXsowybuXM","out_trade_no":"6020150419080428","result_code":"SUCCESS","return_code":"SUCCESS","sign":"AD3D9FAB01C6E30619A90E82C5F987D2","time_end":"20150419200641","total_fee":"1","trade_type":"NATIVE","transaction_id":"1001520464201504190075760847"}
[2015-04-19 20:24:14][debug] query:{"return_code":"FAIL","return_msg":"appid\u4e0d\u5b58\u5728"}
[2015-04-19 20:24:55][debug] begin notify
[2015-04-19 20:24:55][debug] call back:{"appid":"wxc3775cf2340d95b2","attach":"6020150419080428","bank_type":"CFT","cash_fee":"1","fee_type":"CNY","is_subscribe":"Y","mch_id":"1224930902","nonce_str":"d9hne9w1rstz1t4vkcurib99mmjo4dtl","openid":"od6X7t1pRxbXQkuSTPmXsowybuXM","out_trade_no":"6020150419080428","result_code":"SUCCESS","return_code":"SUCCESS","sign":"AD3D9FAB01C6E30619A90E82C5F987D2","time_end":"20150419200641","total_fee":"1","trade_type":"NATIVE","transaction_id":"1001520464201504190075760847"}
[2015-04-19 20:24:56][debug] query:{"return_code":"FAIL","return_msg":"appid\u4e0d\u5b58\u5728"}
